{"/Users/waltuirsilvajunior/Desktop/project-1/src/index.js": {"path":"/Users/waltuirsilvajunior/Desktop/project-1/src/index.js","statementMap":{"0":{"start":{"line":7,"column":0},"end":{"line":12,"column":2}}},"fnMap":{},"branchMap":{},"s":{"0":0},"f":{},"b":{}}
,"/Users/waltuirsilvajunior/Desktop/project-1/src/components/Button/index.jsx": {"path":"/Users/waltuirsilvajunior/Desktop/project-1/src/components/Button/index.jsx","statementMap":{"0":{"start":{"line":4,"column":22},"end":{"line":12,"column":1}},"1":{"start":{"line":5,"column":4},"end":{"line":11,"column":13}}},"fnMap":{"0":{"name":"(anonymous_0)","decl":{"start":{"line":4,"column":22},"end":{"line":4,"column":23}},"loc":{"start":{"line":5,"column":4},"end":{"line":11,"column":13}},"line":5}},"branchMap":{},"s":{"0":1,"1":5},"f":{"0":5},"b":{},"_coverageSchema":"1a1c01bbd47fc00a2c39e90264f33305004495a9","hash":"122a612a136ffaddb67f1cc3f59d40bd659e08ca"}
,"/Users/waltuirsilvajunior/Desktop/project-1/src/components/PostCard/index.jsx": {"path":"/Users/waltuirsilvajunior/Desktop/project-1/src/components/PostCard/index.jsx","statementMap":{"0":{"start":{"line":3,"column":24},"end":{"line":13,"column":1}},"1":{"start":{"line":4,"column":4},"end":{"line":12,"column":6}}},"fnMap":{"0":{"name":"(anonymous_0)","decl":{"start":{"line":3,"column":24},"end":{"line":3,"column":25}},"loc":{"start":{"line":3,"column":56},"end":{"line":13,"column":1}},"line":3}},"branchMap":{},"s":{"0":2,"1":8},"f":{"0":8},"b":{},"_coverageSchema":"1a1c01bbd47fc00a2c39e90264f33305004495a9","hash":"143de8a466810d08375f0967b42c5106bfb5e46b"}
,"/Users/waltuirsilvajunior/Desktop/project-1/src/components/PostCard/mock.js": {"path":"/Users/waltuirsilvajunior/Desktop/project-1/src/components/PostCard/mock.js","statementMap":{"0":{"start":{"line":1,"column":33},"end":{"line":6,"column":1}}},"fnMap":{},"branchMap":{},"s":{"0":1},"f":{},"b":{},"_coverageSchema":"1a1c01bbd47fc00a2c39e90264f33305004495a9","hash":"0d7a514c50778cb3ee9343a2842a0027f14899e7"}
,"/Users/waltuirsilvajunior/Desktop/project-1/src/components/Posts/index.jsx": {"path":"/Users/waltuirsilvajunior/Desktop/project-1/src/components/Posts/index.jsx","statementMap":{"0":{"start":{"line":4,"column":21},"end":{"line":10,"column":1}},"1":{"start":{"line":5,"column":4},"end":{"line":9,"column":6}},"2":{"start":{"line":7,"column":31},"end":{"line":7,"column":66}}},"fnMap":{"0":{"name":"(anonymous_0)","decl":{"start":{"line":4,"column":21},"end":{"line":4,"column":22}},"loc":{"start":{"line":4,"column":39},"end":{"line":10,"column":1}},"line":4},"1":{"name":"(anonymous_1)","decl":{"start":{"line":7,"column":23},"end":{"line":7,"column":24}},"loc":{"start":{"line":7,"column":31},"end":{"line":7,"column":66}},"line":7}},"branchMap":{"0":{"loc":{"start":{"line":4,"column":23},"end":{"line":4,"column":33}},"type":"default-arg","locations":[{"start":{"line":4,"column":31},"end":{"line":4,"column":33}}],"line":4}},"s":{"0":1,"1":3,"2":6},"f":{"0":3,"1":6},"b":{"0":[1]},"_coverageSchema":"1a1c01bbd47fc00a2c39e90264f33305004495a9","hash":"c8d776dceb5dc059728d93d7956b67b1f440bbb0"}
,"/Users/waltuirsilvajunior/Desktop/project-1/src/components/TextInput/index.js": {"path":"/Users/waltuirsilvajunior/Desktop/project-1/src/components/TextInput/index.js","statementMap":{"0":{"start":{"line":3,"column":25},"end":{"line":13,"column":1}},"1":{"start":{"line":4,"column":4},"end":{"line":12,"column":6}}},"fnMap":{"0":{"name":"(anonymous_0)","decl":{"start":{"line":3,"column":25},"end":{"line":3,"column":26}},"loc":{"start":{"line":3,"column":60},"end":{"line":13,"column":1}},"line":3}},"branchMap":{},"s":{"0":1,"1":3},"f":{"0":3},"b":{},"_coverageSchema":"1a1c01bbd47fc00a2c39e90264f33305004495a9","hash":"e00a22c71c477f2d4a640f43572ca2c90ccb4fc6"}
,"/Users/waltuirsilvajunior/Desktop/project-1/src/templates/Home/index.jsx": {"path":"/Users/waltuirsilvajunior/Desktop/project-1/src/templates/Home/index.jsx","statementMap":{"0":{"start":{"line":11,"column":10},"end":{"line":17,"column":3}},"1":{"start":{"line":20,"column":4},"end":{"line":20,"column":27}},"2":{"start":{"line":23,"column":14},"end":{"line":32,"column":3}},"3":{"start":{"line":24,"column":35},"end":{"line":24,"column":45}},"4":{"start":{"line":26,"column":27},"end":{"line":26,"column":44}},"5":{"start":{"line":28,"column":4},"end":{"line":31,"column":6}},"6":{"start":{"line":34,"column":18},"end":{"line":46,"column":3}},"7":{"start":{"line":40,"column":8},"end":{"line":40,"column":18}},"8":{"start":{"line":42,"column":21},"end":{"line":42,"column":40}},"9":{"start":{"line":43,"column":22},"end":{"line":43,"column":71}},"10":{"start":{"line":44,"column":4},"end":{"line":44,"column":29}},"11":{"start":{"line":45,"column":4},"end":{"line":45,"column":45}},"12":{"start":{"line":48,"column":17},"end":{"line":52,"column":3}},"13":{"start":{"line":49,"column":22},"end":{"line":49,"column":30}},"14":{"start":{"line":51,"column":4},"end":{"line":51,"column":42}},"15":{"start":{"line":55,"column":65},"end":{"line":55,"column":75}},"16":{"start":{"line":56,"column":24},"end":{"line":56,"column":62}},"17":{"start":{"line":58,"column":26},"end":{"line":64,"column":11}},"18":{"start":{"line":61,"column":8},"end":{"line":61,"column":82}},"19":{"start":{"line":66,"column":4},"end":{"line":98,"column":6}}},"fnMap":{"0":{"name":"(anonymous_0)","decl":{"start":{"line":19,"column":2},"end":{"line":19,"column":3}},"loc":{"start":{"line":19,"column":28},"end":{"line":21,"column":3}},"line":19},"1":{"name":"(anonymous_1)","decl":{"start":{"line":23,"column":14},"end":{"line":23,"column":15}},"loc":{"start":{"line":23,"column":26},"end":{"line":32,"column":3}},"line":23},"2":{"name":"(anonymous_2)","decl":{"start":{"line":34,"column":18},"end":{"line":34,"column":19}},"loc":{"start":{"line":34,"column":24},"end":{"line":46,"column":3}},"line":34},"3":{"name":"(anonymous_3)","decl":{"start":{"line":48,"column":17},"end":{"line":48,"column":18}},"loc":{"start":{"line":48,"column":24},"end":{"line":52,"column":3}},"line":48},"4":{"name":"(anonymous_4)","decl":{"start":{"line":54,"column":2},"end":{"line":54,"column":3}},"loc":{"start":{"line":54,"column":11},"end":{"line":99,"column":3}},"line":54},"5":{"name":"(anonymous_5)","decl":{"start":{"line":60,"column":22},"end":{"line":60,"column":23}},"loc":{"start":{"line":60,"column":30},"end":{"line":62,"column":7}},"line":60}},"branchMap":{"0":{"loc":{"start":{"line":58,"column":26},"end":{"line":64,"column":11}},"type":"cond-expr","locations":[{"start":{"line":60,"column":6},"end":{"line":62,"column":8}},{"start":{"line":64,"column":6},"end":{"line":64,"column":11}}],"line":58},"1":{"loc":{"start":{"line":70,"column":11},"end":{"line":72,"column":11}},"type":"binary-expr","locations":[{"start":{"line":70,"column":11},"end":{"line":70,"column":24}},{"start":{"line":71,"column":12},"end":{"line":71,"column":48}}],"line":70},"2":{"loc":{"start":{"line":80,"column":9},"end":{"line":82,"column":9}},"type":"binary-expr","locations":[{"start":{"line":80,"column":9},"end":{"line":80,"column":33}},{"start":{"line":81,"column":10},"end":{"line":81,"column":41}}],"line":80},"3":{"loc":{"start":{"line":84,"column":9},"end":{"line":86,"column":9}},"type":"binary-expr","locations":[{"start":{"line":84,"column":9},"end":{"line":84,"column":35}},{"start":{"line":85,"column":10},"end":{"line":85,"column":34}}],"line":84},"4":{"loc":{"start":{"line":89,"column":11},"end":{"line":95,"column":11}},"type":"binary-expr","locations":[{"start":{"line":89,"column":11},"end":{"line":89,"column":23}},{"start":{"line":90,"column":12},"end":{"line":94,"column":14}}],"line":89}},"s":{"0":0,"1":0,"2":0,"3":0,"4":0,"5":0,"6":0,"7":0,"8":0,"9":0,"10":0,"11":0,"12":0,"13":0,"14":0,"15":0,"16":0,"17":0,"18":0,"19":0},"f":{"0":0,"1":0,"2":0,"3":0,"4":0,"5":0},"b":{"0":[0,0],"1":[0,0],"2":[0,0],"3":[0,0],"4":[0,0]}}
,"/Users/waltuirsilvajunior/Desktop/project-1/src/utils/load-posts.js": {"path":"/Users/waltuirsilvajunior/Desktop/project-1/src/utils/load-posts.js","statementMap":{"0":{"start":{"line":1,"column":25},"end":{"line":16,"column":1}},"1":{"start":{"line":2,"column":26},"end":{"line":2,"column":77}},"2":{"start":{"line":4,"column":27},"end":{"line":4,"column":79}},"3":{"start":{"line":6,"column":28},"end":{"line":6,"column":78}},"4":{"start":{"line":8,"column":22},"end":{"line":8,"column":40}},"5":{"start":{"line":9,"column":23},"end":{"line":9,"column":42}},"6":{"start":{"line":11,"column":27},"end":{"line":13,"column":6}},"7":{"start":{"line":12,"column":6},"end":{"line":12,"column":55}},"8":{"start":{"line":15,"column":4},"end":{"line":15,"column":26}}},"fnMap":{"0":{"name":"(anonymous_0)","decl":{"start":{"line":1,"column":25},"end":{"line":1,"column":26}},"loc":{"start":{"line":1,"column":37},"end":{"line":16,"column":1}},"line":1},"1":{"name":"(anonymous_1)","decl":{"start":{"line":11,"column":41},"end":{"line":11,"column":42}},"loc":{"start":{"line":11,"column":58},"end":{"line":13,"column":5}},"line":11}},"branchMap":{},"s":{"0":0,"1":0,"2":0,"3":0,"4":0,"5":0,"6":0,"7":0,"8":0},"f":{"0":0,"1":0},"b":{}}
}
