{"/Users/waltuirsilvajunior/Desktop/project-1/src/index.js": {"path":"/Users/waltuirsilvajunior/Desktop/project-1/src/index.js","statementMap":{"0":{"start":{"line":7,"column":0},"end":{"line":12,"column":2}}},"fnMap":{},"branchMap":{},"s":{"0":0},"f":{},"b":{}}
,"/Users/waltuirsilvajunior/Desktop/project-1/src/components/Button/index.jsx": {"path":"/Users/waltuirsilvajunior/Desktop/project-1/src/components/Button/index.jsx","statementMap":{"0":{"start":{"line":4,"column":22},"end":{"line":8,"column":1}},"1":{"start":{"line":5,"column":2},"end":{"line":7,"column":11}},"2":{"start":{"line":10,"column":0},"end":{"line":12,"column":2}},"3":{"start":{"line":14,"column":0},"end":{"line":18,"column":2}}},"fnMap":{"0":{"name":"(anonymous_0)","decl":{"start":{"line":4,"column":22},"end":{"line":4,"column":23}},"loc":{"start":{"line":5,"column":2},"end":{"line":7,"column":11}},"line":5}},"branchMap":{"0":{"loc":{"start":{"line":4,"column":40},"end":{"line":4,"column":56}},"type":"default-arg","locations":[{"start":{"line":4,"column":51},"end":{"line":4,"column":56}}],"line":4}},"s":{"0":2,"1":13,"2":2,"3":2},"f":{"0":13},"b":{"0":[0]},"_coverageSchema":"1a1c01bbd47fc00a2c39e90264f33305004495a9","hash":"c50553e5505eb4edb9af687609d31e81f42f1584"}
,"/Users/waltuirsilvajunior/Desktop/project-1/src/components/PostCard/index.jsx": {"path":"/Users/waltuirsilvajunior/Desktop/project-1/src/components/PostCard/index.jsx","statementMap":{"0":{"start":{"line":4,"column":24},"end":{"line":16,"column":1}},"1":{"start":{"line":5,"column":2},"end":{"line":15,"column":4}},"2":{"start":{"line":18,"column":0},"end":{"line":23,"column":2}}},"fnMap":{"0":{"name":"(anonymous_0)","decl":{"start":{"line":4,"column":24},"end":{"line":4,"column":25}},"loc":{"start":{"line":4,"column":56},"end":{"line":16,"column":1}},"line":4}},"branchMap":{},"s":{"0":3,"1":35,"2":3},"f":{"0":35},"b":{},"_coverageSchema":"1a1c01bbd47fc00a2c39e90264f33305004495a9","hash":"1dedbded04f079f221bc85b420150d373c7bb328"}
,"/Users/waltuirsilvajunior/Desktop/project-1/src/components/PostCard/mock.js": {"path":"/Users/waltuirsilvajunior/Desktop/project-1/src/components/PostCard/mock.js","statementMap":{"0":{"start":{"line":1,"column":33},"end":{"line":6,"column":1}}},"fnMap":{},"branchMap":{},"s":{"0":1},"f":{},"b":{},"_coverageSchema":"1a1c01bbd47fc00a2c39e90264f33305004495a9","hash":"0d7a514c50778cb3ee9343a2842a0027f14899e7"}
,"/Users/waltuirsilvajunior/Desktop/project-1/src/components/Posts/index.jsx": {"path":"/Users/waltuirsilvajunior/Desktop/project-1/src/components/Posts/index.jsx","statementMap":{"0":{"start":{"line":5,"column":21},"end":{"line":13,"column":1}},"1":{"start":{"line":6,"column":2},"end":{"line":12,"column":4}},"2":{"start":{"line":9,"column":8},"end":{"line":9,"column":44}},"3":{"start":{"line":15,"column":0},"end":{"line":17,"column":2}},"4":{"start":{"line":19,"column":0},"end":{"line":28,"column":2}}},"fnMap":{"0":{"name":"(anonymous_0)","decl":{"start":{"line":5,"column":21},"end":{"line":5,"column":22}},"loc":{"start":{"line":5,"column":41},"end":{"line":13,"column":1}},"line":5},"1":{"name":"(anonymous_1)","decl":{"start":{"line":8,"column":17},"end":{"line":8,"column":18}},"loc":{"start":{"line":9,"column":8},"end":{"line":9,"column":44}},"line":9}},"branchMap":{"0":{"loc":{"start":{"line":5,"column":24},"end":{"line":5,"column":34}},"type":"default-arg","locations":[{"start":{"line":5,"column":32},"end":{"line":5,"column":34}}],"line":5}},"s":{"0":2,"1":14,"2":33,"3":2,"4":2},"f":{"0":14,"1":33},"b":{"0":[0]},"_coverageSchema":"1a1c01bbd47fc00a2c39e90264f33305004495a9","hash":"793e9fa029faf13bcc27a3eaada4d8eab8c181b1"}
,"/Users/waltuirsilvajunior/Desktop/project-1/src/components/TextInput/index.js": {"path":"/Users/waltuirsilvajunior/Desktop/project-1/src/components/TextInput/index.js","statementMap":{"0":{"start":{"line":4,"column":25},"end":{"line":14,"column":1}},"1":{"start":{"line":5,"column":2},"end":{"line":13,"column":4}},"2":{"start":{"line":16,"column":0},"end":{"line":19,"column":2}}},"fnMap":{"0":{"name":"(anonymous_0)","decl":{"start":{"line":4,"column":25},"end":{"line":4,"column":26}},"loc":{"start":{"line":4,"column":60},"end":{"line":14,"column":1}},"line":4}},"branchMap":{},"s":{"0":2,"1":36,"2":2},"f":{"0":36},"b":{},"_coverageSchema":"1a1c01bbd47fc00a2c39e90264f33305004495a9","hash":"9ad8a7eb231dde046ada363414fb9fa27d8d98dd"}
,"/Users/waltuirsilvajunior/Desktop/project-1/src/templates/Home/index.jsx": {"path":"/Users/waltuirsilvajunior/Desktop/project-1/src/templates/Home/index.jsx","statementMap":{"0":{"start":{"line":11,"column":10},"end":{"line":11,"column":80}},"1":{"start":{"line":13,"column":22},"end":{"line":13,"column":56}},"2":{"start":{"line":13,"column":34},"end":{"line":13,"column":56}},"3":{"start":{"line":15,"column":14},"end":{"line":24,"column":3}},"4":{"start":{"line":16,"column":35},"end":{"line":16,"column":45}},"5":{"start":{"line":18,"column":27},"end":{"line":18,"column":44}},"6":{"start":{"line":20,"column":4},"end":{"line":23,"column":7}},"7":{"start":{"line":26,"column":18},"end":{"line":33,"column":3}},"8":{"start":{"line":27,"column":52},"end":{"line":27,"column":62}},"9":{"start":{"line":29,"column":21},"end":{"line":29,"column":40}},"10":{"start":{"line":30,"column":22},"end":{"line":30,"column":71}},"11":{"start":{"line":31,"column":4},"end":{"line":31,"column":29}},"12":{"start":{"line":32,"column":4},"end":{"line":32,"column":45}},"13":{"start":{"line":35,"column":17},"end":{"line":39,"column":3}},"14":{"start":{"line":36,"column":22},"end":{"line":36,"column":30}},"15":{"start":{"line":38,"column":4},"end":{"line":38,"column":42}},"16":{"start":{"line":41,"column":13},"end":{"line":49,"column":3}},"17":{"start":{"line":42,"column":4},"end":{"line":48,"column":5}},"18":{"start":{"line":43,"column":6},"end":{"line":45,"column":9}},"19":{"start":{"line":44,"column":8},"end":{"line":44,"column":82}},"20":{"start":{"line":47,"column":6},"end":{"line":47,"column":19}},"21":{"start":{"line":52,"column":65},"end":{"line":52,"column":75}},"22":{"start":{"line":53,"column":24},"end":{"line":53,"column":62}},"23":{"start":{"line":55,"column":26},"end":{"line":55,"column":69}},"24":{"start":{"line":57,"column":4},"end":{"line":69,"column":6}}},"fnMap":{"0":{"name":"(anonymous_0)","decl":{"start":{"line":13,"column":22},"end":{"line":13,"column":23}},"loc":{"start":{"line":13,"column":34},"end":{"line":13,"column":56}},"line":13},"1":{"name":"(anonymous_1)","decl":{"start":{"line":15,"column":14},"end":{"line":15,"column":15}},"loc":{"start":{"line":15,"column":26},"end":{"line":24,"column":3}},"line":15},"2":{"name":"(anonymous_2)","decl":{"start":{"line":26,"column":18},"end":{"line":26,"column":19}},"loc":{"start":{"line":26,"column":24},"end":{"line":33,"column":3}},"line":26},"3":{"name":"(anonymous_3)","decl":{"start":{"line":35,"column":17},"end":{"line":35,"column":18}},"loc":{"start":{"line":35,"column":24},"end":{"line":39,"column":3}},"line":35},"4":{"name":"(anonymous_4)","decl":{"start":{"line":41,"column":13},"end":{"line":41,"column":14}},"loc":{"start":{"line":41,"column":47},"end":{"line":49,"column":3}},"line":41},"5":{"name":"(anonymous_5)","decl":{"start":{"line":43,"column":29},"end":{"line":43,"column":30}},"loc":{"start":{"line":43,"column":39},"end":{"line":45,"column":7}},"line":43},"6":{"name":"(anonymous_6)","decl":{"start":{"line":51,"column":2},"end":{"line":51,"column":3}},"loc":{"start":{"line":51,"column":11},"end":{"line":70,"column":3}},"line":51}},"branchMap":{"0":{"loc":{"start":{"line":42,"column":4},"end":{"line":48,"column":5}},"type":"if","locations":[{"start":{"line":42,"column":4},"end":{"line":48,"column":5}},{"start":{"line":42,"column":4},"end":{"line":48,"column":5}}],"line":42},"1":{"loc":{"start":{"line":60,"column":11},"end":{"line":60,"column":64}},"type":"binary-expr","locations":[{"start":{"line":60,"column":11},"end":{"line":60,"column":24}},{"start":{"line":60,"column":28},"end":{"line":60,"column":64}}],"line":60},"2":{"loc":{"start":{"line":63,"column":9},"end":{"line":63,"column":68}},"type":"binary-expr","locations":[{"start":{"line":63,"column":9},"end":{"line":63,"column":33}},{"start":{"line":63,"column":37},"end":{"line":63,"column":68}}],"line":63},"3":{"loc":{"start":{"line":64,"column":9},"end":{"line":64,"column":63}},"type":"binary-expr","locations":[{"start":{"line":64,"column":9},"end":{"line":64,"column":35}},{"start":{"line":64,"column":39},"end":{"line":64,"column":63}}],"line":64},"4":{"loc":{"start":{"line":66,"column":11},"end":{"line":66,"column":112}},"type":"binary-expr","locations":[{"start":{"line":66,"column":11},"end":{"line":66,"column":23}},{"start":{"line":66,"column":27},"end":{"line":66,"column":112}}],"line":66}},"s":{"0":3,"1":3,"2":3,"3":3,"4":3,"5":3,"6":3,"7":3,"8":1,"9":1,"10":1,"11":1,"12":1,"13":3,"14":26,"15":26,"16":3,"17":33,"18":25,"19":75,"20":8,"21":33,"22":33,"23":33,"24":33},"f":{"0":3,"1":3,"2":1,"3":26,"4":33,"5":75,"6":33},"b":{"0":[25,8],"1":[33,25],"2":[33,11],"3":[33,22],"4":[33,8]},"_coverageSchema":"1a1c01bbd47fc00a2c39e90264f33305004495a9","hash":"0b9c43762d15b1de865cca288df21fb6c411e5a4"}
,"/Users/waltuirsilvajunior/Desktop/project-1/src/utils/load-posts.js": {"path":"/Users/waltuirsilvajunior/Desktop/project-1/src/utils/load-posts.js","statementMap":{"0":{"start":{"line":1,"column":25},"end":{"line":16,"column":1}},"1":{"start":{"line":2,"column":24},"end":{"line":2,"column":75}},"2":{"start":{"line":4,"column":25},"end":{"line":4,"column":77}},"3":{"start":{"line":6,"column":26},"end":{"line":6,"column":76}},"4":{"start":{"line":8,"column":20},"end":{"line":8,"column":38}},"5":{"start":{"line":9,"column":21},"end":{"line":9,"column":40}},"6":{"start":{"line":11,"column":25},"end":{"line":13,"column":4}},"7":{"start":{"line":12,"column":4},"end":{"line":12,"column":53}},"8":{"start":{"line":15,"column":2},"end":{"line":15,"column":24}}},"fnMap":{"0":{"name":"(anonymous_0)","decl":{"start":{"line":1,"column":25},"end":{"line":1,"column":26}},"loc":{"start":{"line":1,"column":37},"end":{"line":16,"column":1}},"line":1},"1":{"name":"(anonymous_1)","decl":{"start":{"line":11,"column":39},"end":{"line":11,"column":40}},"loc":{"start":{"line":11,"column":56},"end":{"line":13,"column":3}},"line":11}},"branchMap":{},"s":{"0":1,"1":3,"2":3,"3":3,"4":3,"5":3,"6":3,"7":9,"8":3},"f":{"0":3,"1":9},"b":{},"_coverageSchema":"1a1c01bbd47fc00a2c39e90264f33305004495a9","hash":"edbd6ddcf3f3c7391a347f942272b2b0efa3e3b3"}
}
