TN:
SF:src/index.js
FNF:0
FNH:0
DA:7,0
LF:1
LH:0
BRF:0
BRH:0
end_of_record
TN:
SF:src/components/Button/index.jsx
FN:4,(anonymous_0)
FNF:1
FNH:1
FNDA:13,(anonymous_0)
DA:4,2
DA:5,13
DA:10,2
DA:14,2
LF:4
LH:4
BRDA:4,0,0,0
BRF:1
BRH:0
end_of_record
TN:
SF:src/components/PostCard/index.jsx
FN:4,(anonymous_0)
FNF:1
FNH:1
FNDA:35,(anonymous_0)
DA:4,3
DA:5,35
DA:18,3
LF:3
LH:3
BRF:0
BRH:0
end_of_record
TN:
SF:src/components/PostCard/mock.js
FNF:0
FNH:0
DA:1,1
LF:1
LH:1
BRF:0
BRH:0
end_of_record
TN:
SF:src/components/Posts/index.jsx
FN:5,(anonymous_0)
FN:8,(anonymous_1)
FNF:2
FNH:2
FNDA:14,(anonymous_0)
FNDA:33,(anonymous_1)
DA:5,2
DA:6,14
DA:9,33
DA:15,2
DA:19,2
LF:5
LH:5
BRDA:5,0,0,0
BRF:1
BRH:0
end_of_record
TN:
SF:src/components/TextInput/index.js
FN:4,(anonymous_0)
FNF:1
FNH:1
FNDA:36,(anonymous_0)
DA:4,2
DA:5,36
DA:16,2
LF:3
LH:3
BRF:0
BRH:0
end_of_record
TN:
SF:src/templates/Home/index.jsx
FN:13,(anonymous_0)
FN:15,(anonymous_1)
FN:26,(anonymous_2)
FN:35,(anonymous_3)
FN:41,(anonymous_4)
FN:43,(anonymous_5)
FN:51,(anonymous_6)
FNF:7
FNH:7
FNDA:3,(anonymous_0)
FNDA:3,(anonymous_1)
FNDA:1,(anonymous_2)
FNDA:26,(anonymous_3)
FNDA:33,(anonymous_4)
FNDA:75,(anonymous_5)
FNDA:33,(anonymous_6)
DA:11,3
DA:13,3
DA:15,3
DA:16,3
DA:18,3
DA:20,3
DA:26,3
DA:27,1
DA:29,1
DA:30,1
DA:31,1
DA:32,1
DA:35,3
DA:36,26
DA:38,26
DA:41,3
DA:42,33
DA:43,25
DA:44,75
DA:47,8
DA:52,33
DA:53,33
DA:55,33
DA:57,33
LF:24
LH:24
BRDA:42,0,0,25
BRDA:42,0,1,8
BRDA:60,1,0,33
BRDA:60,1,1,25
BRDA:63,2,0,33
BRDA:63,2,1,11
BRDA:64,3,0,33
BRDA:64,3,1,22
BRDA:66,4,0,33
BRDA:66,4,1,8
BRF:10
BRH:10
end_of_record
TN:
SF:src/utils/load-posts.js
FN:1,(anonymous_0)
FN:11,(anonymous_1)
FNF:2
FNH:2
FNDA:3,(anonymous_0)
FNDA:9,(anonymous_1)
DA:1,1
DA:2,3
DA:4,3
DA:6,3
DA:8,3
DA:9,3
DA:11,3
DA:12,9
DA:15,3
LF:9
LH:9
BRF:0
BRH:0
end_of_record
